<testsuites id="" name="" tests="280" failures="0" skipped="0" errors="280" time="24.229006">
<testsuite name="conflict-detection-dashboard.spec.ts" timestamp="2026-06-02T06:18:36.606Z" hostname="chromium" tests="16" failures="0" skipped="0" time="0.073" errors="16">
<testcase name="ConflictDetectionDashboard › should display conflict overview statistics" classname="conflict-detection-dashboard.spec.ts" time="0.005">
<system-out>
<![CDATA[
[[ATTACHMENT|conflict-detection-dashboa-51683-onflict-overview-statistics-chromium/error-context.md]]
]]>
</system-out>
<error message="browserType.launch: Executable doesn&apos;t exist at /home/jeepney/.cache/ms-playwright/chromium_headless_shell-1223/chrome-headless-shell-linux64/chrome-headless-shell" type="Error">
<![CDATA[  [chromium] › conflict-detection-dashboard.spec.ts:8:7 › ConflictDetectionDashboard › should display conflict overview statistics 

    Error: browserType.launch: Executable doesn't exist at /home/jeepney/.cache/ms-playwright/chromium_headless_shell-1223/chrome-headless-shell-linux64/chrome-headless-shell
    ╔════════════════════════════════════════════════════════════╗
    ║ Looks like Playwright was just installed or updated.       ║
    ║ Please run the following command to download new browsers: ║
    ║                                                            ║
    ║     npx playwright install                                 ║
    ║                                                            ║
    ║ <3 Playwright Team                                         ║
    ╚════════════════════════════════════════════════════════════╝

    Error Context: ../test-results/conflict-detection-dashboa-51683-onflict-overview-statistics-chromium/error-context.md
]]>
</error>
</testcase>
<testcase name="ConflictDetectionDashboard › should display conflicts by type" classname="conflict-detection-dashboard.spec.ts" time="0.005">
<system-out>
<![CDATA[
[[ATTACHMENT|conflict-detection-dashboa-97ffa-d-display-conflicts-by-type-chromium/error-context.md]]
]]>
</system-out>
<error message="browserType.launch: Executable doesn&apos;t exist at /home/jeepney/.cache/ms-playwright/chromium_headless_shell-1223/chrome-headless-shell-linux64/chrome-headless-shell" type="Error">
<![CDATA[  [chromium] › conflict-detection-dashboard.spec.ts:16:7 › ConflictDetectionDashboard › should display conflicts by type 

    Error: browserType.launch: Executable doesn't exist at /home/jeepney/.cache/ms-playwright/chromium_headless_shell-1223/chrome-headless-shell-linux64/chrome-headless-shell
    ╔════════════════════════════════════════════════════════════╗
    ║ Looks like Playwright was just installed or updated.       ║
    ║ Please run the following command to download new browsers: ║
    ║                                                            ║
    ║     npx playwright install                                 ║
    ║                                                            ║
    ║ <3 Playwright Team                                         ║
    ╚════════════════════════════════════════════════════════════╝

    Error Context: ../test-results/conflict-detection-dashboa-97ffa-d-display-conflicts-by-type-chromium/error-context.md
]]>
</error>
</testcase>
<testcase name="ConflictDetectionDashboard › should display timeline of recent conflicts" classname="conflict-detection-dashboard.spec.ts" time="0.004">
<system-out>
<![CDATA[
[[ATTACHMENT|conflict-detection-dashboa-78295-imeline-of-recent-conflicts-chromium/error-context.md]]
]]>
</system-out>
<error message="browserType.launch: Executable doesn&apos;t exist at /home/jeepney/.cache/ms-playwright/chromium_headless_shell-1223/chrome-headless-shell-linux64/chrome-headless-shell" type="Error">
<![CDATA[  [chromium] › conflict-detection-dashboard.spec.ts:24:7 › ConflictDetectionDashboard › should display timeline of recent conflicts 

    Error: browserType.launch: Executable doesn't exist at /home/jeepney/.cache/ms-playwright/chromium_headless_shell-1223/chrome-headless-shell-linux64/chrome-headless-shell
    ╔════════════════════════════════════════════════════════════╗
    ║ Looks like Playwright was just installed or updated.       ║
    ║ Please run the following command to download new browsers: ║
    ║                                                            ║
    ║     npx playwright install                                 ║
    ║                                                            ║
    ║ <3 Playwright Team                                         ║
    ╚════════════════════════════════════════════════════════════╝

    Error Context: ../test-results/conflict-detection-dashboa-78295-imeline-of-recent-conflicts-chromium/error-context.md
]]>
</error>
</testcase>
<testcase name="ConflictDetectionDashboard › should filter conflicts by severity" classname="conflict-detection-dashboard.spec.ts" time="0.004">
<system-out>
<![CDATA[
[[ATTACHMENT|conflict-detection-dashboa-028c2-ilter-conflicts-by-severity-chromium/error-context.md]]
]]>
</system-out>
<error message="browserType.launch: Executable doesn&apos;t exist at /home/jeepney/.cache/ms-playwright/chromium_headless_shell-1223/chrome-headless-shell-linux64/chrome-headless-shell" type="Error">
<![CDATA[  [chromium] › conflict-detection-dashboard.spec.ts:33:7 › ConflictDetectionDashboard › should filter conflicts by severity 

    Error: browserType.launch: Executable doesn't exist at /home/jeepney/.cache/ms-playwright/chromium_headless_shell-1223/chrome-headless-shell-linux64/chrome-headless-shell
    ╔════════════════════════════════════════════════════════════╗
    ║ Looks like Playwright was just installed or updated.       ║
    ║ Please run the following command to download new browsers: ║
    ║                                                            ║
    ║     npx playwright install                                 ║
    ║                                                            ║
    ║ <3 Playwright Team                                         ║
    ╚════════════════════════════════════════════════════════════╝

    Error Context: ../test-results/conflict-detection-dashboa-028c2-ilter-conflicts-by-severity-chromium/error-context.md
]]>
</error>
</testcase>
<testcase name="ConflictDetectionDashboard › should filter conflicts by date range" classname="conflict-detection-dashboard.spec.ts" time="0.005">
<system-out>
<![CDATA[
[[ATTACHMENT|conflict-detection-dashboa-62b0a-ter-conflicts-by-date-range-chromium/error-context.md]]
]]>
</system-out>
<error message="browserType.launch: Executable doesn&apos;t exist at /home/jeepney/.cache/ms-playwright/chromium_headless_shell-1223/chrome-headless-shell-linux64/chrome-headless-shell" type="Error">
<![CDATA[  [chromium] › conflict-detection-dashboard.spec.ts:46:7 › ConflictDetectionDashboard › should filter conflicts by date range 

    Error: browserType.launch: Executable doesn't exist at /home/jeepney/.cache/ms-playwright/chromium_headless_shell-1223/chrome-headless-shell-linux64/chrome-headless-shell
    ╔════════════════════════════════════════════════════════════╗
    ║ Looks like Playwright was just installed or updated.       ║
    ║ Please run the following command to download new browsers: ║
    ║                                                            ║
    ║     npx playwright install                                 ║
    ║                                                            ║
    ║ <3 Playwright Team                                         ║
    ╚════════════════════════════════════════════════════════════╝

    Error Context: ../test-results/conflict-detection-dashboa-62b0a-ter-conflicts-by-date-range-chromium/error-context.md
]]>
</error>
</testcase>
<testcase name="ConflictDetectionDashboard › should display detailed conflict information on click" classname="conflict-detection-dashboard.spec.ts" time="0.005">
<system-out>
<![CDATA[
[[ATTACHMENT|conflict-detection-dashboa-b9ebe-nflict-information-on-click-chromium/error-context.md]]
]]>
</system-out>
<error message="browserType.launch: Executable doesn&apos;t exist at /home/jeepney/.cache/ms-playwright/chromium_headless_shell-1223/chrome-headless-shell-linux64/chrome-headless-shell" type="Error">
<![CDATA[  [chromium] › conflict-detection-dashboard.spec.ts:58:7 › ConflictDetectionDashboard › should display detailed conflict information on click 

    Error: browserType.launch: Executable doesn't exist at /home/jeepney/.cache/ms-playwright/chromium_headless_shell-1223/chrome-headless-shell-linux64/chrome-headless-shell
    ╔════════════════════════════════════════════════════════════╗
    ║ Looks like Playwright was just installed or updated.       ║
    ║ Please run the following command to download new browsers: ║
    ║                                                            ║
    ║     npx playwright install                                 ║
    ║                                                            ║
    ║ <3 Playwright Team                                         ║
    ╚════════════════════════════════════════════════════════════╝

    Error Context: ../test-results/conflict-detection-dashboa-b9ebe-nflict-information-on-click-chromium/error-context.md
]]>
</error>
</testcase>
<testcase name="ConflictDetectionDashboard › should show conflict resolution recommendations" classname="conflict-detection-dashboard.spec.ts" time="0.005">
<system-out>
<![CDATA[
[[ATTACHMENT|conflict-detection-dashboa-14acd--resolution-recommendations-chromium/error-context.md]]
]]>
</system-out>
<error message="browserType.launch: Executable doesn&apos;t exist at /home/jeepney/.cache/ms-playwright/chromium_headless_shell-1223/chrome-headless-shell-linux64/chrome-headless-shell" type="Error">
<![CDATA[  [chromium] › conflict-detection-dashboard.spec.ts:71:7 › ConflictDetectionDashboard › should show conflict resolution recommendations 

    Error: browserType.launch: Executable doesn't exist at /home/jeepney/.cache/ms-playwright/chromium_headless_shell-1223/chrome-headless-shell-linux64/chrome-headless-shell
    ╔════════════════════════════════════════════════════════════╗
    ║ Looks like Playwright was just installed or updated.       ║
    ║ Please run the following command to download new browsers: ║
    ║                                                            ║
    ║     npx playwright install                                 ║
    ║                                                            ║
    ║ <3 Playwright Team                                         ║
    ╚════════════════════════════════════════════════════════════╝

    Error Context: ../test-results/conflict-detection-dashboa-14acd--resolution-recommendations-chromium/error-context.md
]]>
</error>
</testcase>
<testcase name="ConflictDetectionDashboard › should navigate to affected assets" classname="conflict-detection-dashboard.spec.ts" time="0.006">
<system-out>
<![CDATA[
[[ATTACHMENT|conflict-detection-dashboa-5c541-navigate-to-affected-assets-chromium/error-context.md]]
]]>
</system-out>
<error message="browserType.launch: Executable doesn&apos;t exist at /home/jeepney/.cache/ms-playwright/chromium_headless_shell-1223/chrome-headless-shell-linux64/chrome-headless-shell" type="Error">
<![CDATA[  [chromium] › conflict-detection-dashboard.spec.ts:85:7 › ConflictDetectionDashboard › should navigate to affected assets 

    Error: browserType.launch: Executable doesn't exist at /home/jeepney/.cache/ms-playwright/chromium_headless_shell-1223/chrome-headless-shell-linux64/chrome-headless-shell
    ╔════════════════════════════════════════════════════════════╗
    ║ Looks like Playwright was just installed or updated.       ║
    ║ Please run the following command to download new browsers: ║
    ║                                                            ║
    ║     npx playwright install                                 ║
    ║                                                            ║
    ║ <3 Playwright Team                                         ║
    ╚════════════════════════════════════════════════════════════╝

    Error Context: ../test-results/conflict-detection-dashboa-5c541-navigate-to-affected-assets-chromium/error-context.md
]]>
</error>
</testcase>
<testcase name="ConflictDetectionDashboard › should display team workload impact" classname="conflict-detection-dashboard.spec.ts" time="0.006">
<system-out>
<![CDATA[
[[ATTACHMENT|conflict-detection-dashboa-d416b-isplay-team-workload-impact-chromium/error-context.md]]
]]>
</system-out>
<error message="browserType.launch: Executable doesn&apos;t exist at /home/jeepney/.cache/ms-playwright/chromium_headless_shell-1223/chrome-headless-shell-linux64/chrome-headless-shell" type="Error">
<![CDATA[  [chromium] › conflict-detection-dashboard.spec.ts:100:7 › ConflictDetectionDashboard › should display team workload impact 

    Error: browserType.launch: Executable doesn't exist at /home/jeepney/.cache/ms-playwright/chromium_headless_shell-1223/chrome-headless-shell-linux64/chrome-headless-shell
    ╔════════════════════════════════════════════════════════════╗
    ║ Looks like Playwright was just installed or updated.       ║
    ║ Please run the following command to download new browsers: ║
    ║                                                            ║
    ║     npx playwright install                                 ║
    ║                                                            ║
    ║ <3 Playwright Team                                         ║
    ╚════════════════════════════════════════════════════════════╝

    Error Context: ../test-results/conflict-detection-dashboa-d416b-isplay-team-workload-impact-chromium/error-context.md
]]>
</error>
</testcase>
<testcase name="ConflictDetectionDashboard › should show conflict resolution status" classname="conflict-detection-dashboard.spec.ts" time="0.004">
<system-out>
<![CDATA[
[[ATTACHMENT|conflict-detection-dashboa-a5d4f--conflict-resolution-status-chromium/error-context.md]]
]]>
</system-out>
<error message="browserType.launch: Executable doesn&apos;t exist at /home/jeepney/.cache/ms-playwright/chromium_headless_shell-1223/chrome-headless-shell-linux64/chrome-headless-shell" type="Error">
<![CDATA[  [chromium] › conflict-detection-dashboard.spec.ts:108:7 › ConflictDetectionDashboard › should show conflict resolution status 

    Error: browserType.launch: Executable doesn't exist at /home/jeepney/.cache/ms-playwright/chromium_headless_shell-1223/chrome-headless-shell-linux64/chrome-headless-shell
    ╔════════════════════════════════════════════════════════════╗
    ║ Looks like Playwright was just installed or updated.       ║
    ║ Please run the following command to download new browsers: ║
    ║                                                            ║
    ║     npx playwright install                                 ║
    ║                                                            ║
    ║ <3 Playwright Team                                         ║
    ╚════════════════════════════════════════════════════════════╝

    Error Context: ../test-results/conflict-detection-dashboa-a5d4f--conflict-resolution-status-chromium/error-context.md
]]>
</error>
</testcase>
<testcase name="ConflictDetectionDashboard › should provide quick action buttons" classname="conflict-detection-dashboard.spec.ts" time="0.004">
<system-out>
<![CDATA[
[[ATTACHMENT|conflict-detection-dashboa-f004d-rovide-quick-action-buttons-chromium/error-context.md]]
]]>
</system-out>
<error message="browserType.launch: Executable doesn&apos;t exist at /home/jeepney/.cache/ms-playwright/chromium_headless_shell-1223/chrome-headless-shell-linux64/chrome-headless-shell" type="Error">
<![CDATA[  [chromium] › conflict-detection-dashboard.spec.ts:119:7 › ConflictDetectionDashboard › should provide quick action buttons 

    Error: browserType.launch: Executable doesn't exist at /home/jeepney/.cache/ms-playwright/chromium_headless_shell-1223/chrome-headless-shell-linux64/chrome-headless-shell
    ╔════════════════════════════════════════════════════════════╗
    ║ Looks like Playwright was just installed or updated.       ║
    ║ Please run the following command to download new browsers: ║
    ║                                                            ║
    ║     npx playwright install                                 ║
    ║                                                            ║
    ║ <3 Playwright Team                                         ║
    ╚════════════════════════════════════════════════════════════╝

    Error Context: ../test-results/conflict-detection-dashboa-f004d-rovide-quick-action-buttons-chromium/error-context.md
]]>
</error>
</testcase>
<testcase name="ConflictDetectionDashboard › should refresh conflict data" classname="conflict-detection-dashboard.spec.ts" time="0.005">
<system-out>
<![CDATA[
[[ATTACHMENT|conflict-detection-dashboa-62a5d-hould-refresh-conflict-data-chromium/error-context.md]]
]]>
</system-out>
<error message="browserType.launch: Executable doesn&apos;t exist at /home/jeepney/.cache/ms-playwright/chromium_headless_shell-1223/chrome-headless-shell-linux64/chrome-headless-shell" type="Error">
<![CDATA[  [chromium] › conflict-detection-dashboard.spec.ts:135:7 › ConflictDetectionDashboard › should refresh conflict data 

    Error: browserType.launch: Executable doesn't exist at /home/jeepney/.cache/ms-playwright/chromium_headless_shell-1223/chrome-headless-shell-linux64/chrome-headless-shell
    ╔════════════════════════════════════════════════════════════╗
    ║ Looks like Playwright was just installed or updated.       ║
    ║ Please run the following command to download new browsers: ║
    ║                                                            ║
    ║     npx playwright install                                 ║
    ║                                                            ║
    ║ <3 Playwright Team                                         ║
    ╚════════════════════════════════════════════════════════════╝

    Error Context: ../test-results/conflict-detection-dashboa-62a5d-hould-refresh-conflict-data-chromium/error-context.md
]]>
</error>
</testcase>
<testcase name="ConflictDetectionDashboard › should handle responsive layout on mobile" classname="conflict-detection-dashboard.spec.ts" time="0.003">
<system-out>
<![CDATA[
[[ATTACHMENT|conflict-detection-dashboa-ad45e-responsive-layout-on-mobile-chromium/error-context.md]]
]]>
</system-out>
<error message="browserType.launch: Executable doesn&apos;t exist at /home/jeepney/.cache/ms-playwright/chromium_headless_shell-1223/chrome-headless-shell-linux64/chrome-headless-shell" type="Error">
<![CDATA[  [chromium] › conflict-detection-dashboard.spec.ts:145:7 › ConflictDetectionDashboard › should handle responsive layout on mobile 

    Error: browserType.launch: Executable doesn't exist at /home/jeepney/.cache/ms-playwright/chromium_headless_shell-1223/chrome-headless-shell-linux64/chrome-headless-shell
    ╔════════════════════════════════════════════════════════════╗
    ║ Looks like Playwright was just installed or updated.       ║
    ║ Please run the following command to download new browsers: ║
    ║                                                            ║
    ║     npx playwright install                                 ║
    ║                                                            ║
    ║ <3 Playwright Team                                         ║
    ╚════════════════════════════════════════════════════════════╝

    Error Context: ../test-results/conflict-detection-dashboa-ad45e-responsive-layout-on-mobile-chromium/error-context.md
]]>
</error>
</testcase>
<testcase name="ConflictDetectionDashboard › should display loading state during data fetch" classname="conflict-detection-dashboard.spec.ts" time="0.004">
<system-out>
<![CDATA[
[[ATTACHMENT|conflict-detection-dashboa-fdcb0-ing-state-during-data-fetch-chromium/error-context.md]]
]]>
</system-out>
<error message="browserType.launch: Executable doesn&apos;t exist at /home/jeepney/.cache/ms-playwright/chromium_headless_shell-1223/chrome-headless-shell-linux64/chrome-headless-shell" type="Error">
<![CDATA[  [chromium] › conflict-detection-dashboard.spec.ts:155:7 › ConflictDetectionDashboard › should display loading state during data fetch 

    Error: browserType.launch: Executable doesn't exist at /home/jeepney/.cache/ms-playwright/chromium_headless_shell-1223/chrome-headless-shell-linux64/chrome-headless-shell
    ╔════════════════════════════════════════════════════════════╗
    ║ Looks like Playwright was just installed or updated.       ║
    ║ Please run the following command to download new browsers: ║
    ║                                                            ║
    ║     npx playwright install                                 ║
    ║                                                            ║
    ║ <3 Playwright Team                                         ║
    ╚════════════════════════════════════════════════════════════╝

    Error Context: ../test-results/conflict-detection-dashboa-fdcb0-ing-state-during-data-fetch-chromium/error-context.md
]]>
</error>
</testcase>
<testcase name="ConflictDetectionDashboard › should handle API errors gracefully" classname="conflict-detection-dashboard.spec.ts" time="0.004">
<system-out>
<![CDATA[
[[ATTACHMENT|conflict-detection-dashboa-cd75c-andle-API-errors-gracefully-chromium/error-context.md]]
]]>
</system-out>
<error message="browserType.launch: Executable doesn&apos;t exist at /home/jeepney/.cache/ms-playwright/chromium_headless_shell-1223/chrome-headless-shell-linux64/chrome-headless-shell" type="Error">
<![CDATA[  [chromium] › conflict-detection-dashboard.spec.ts:166:7 › ConflictDetectionDashboard › should handle API errors gracefully 

    Error: browserType.launch: Executable doesn't exist at /home/jeepney/.cache/ms-playwright/chromium_headless_shell-1223/chrome-headless-shell-linux64/chrome-headless-shell
    ╔════════════════════════════════════════════════════════════╗
    ║ Looks like Playwright was just installed or updated.       ║
    ║ Please run the following command to download new browsers: ║
    ║                                                            ║
    ║     npx playwright install                                 ║
    ║                                                            ║
    ║ <3 Playwright Team                                         ║
    ╚════════════════════════════════════════════════════════════╝

    Error Context: ../test-results/conflict-detection-dashboa-cd75c-andle-API-errors-gracefully-chromium/error-context.md
]]>
</error>
</testcase>
<testcase name="ConflictDetectionDashboard › should update auto-refresh every 30 seconds" classname="conflict-detection-dashboard.spec.ts" time="0.004">
<system-out>
<![CDATA[
[[ATTACHMENT|conflict-detection-dashboa-b2dae-to-refresh-every-30-seconds-chromium/error-context.md]]
]]>
</system-out>
<error message="browserType.launch: Executable doesn&apos;t exist at /home/jeepney/.cache/ms-playwright/chromium_headless_shell-1223/chrome-headless-shell-linux64/chrome-headless-shell" type="Error">
<![CDATA[  [chromium] › conflict-detection-dashboard.spec.ts:177:7 › ConflictDetectionDashboard › should update auto-refresh every 30 seconds 

    Error: browserType.launch: Executable doesn't exist at /home/jeepney/.cache/ms-playwright/chromium_headless_shell-1223/chrome-headless-shell-linux64/chrome-headless-shell
    ╔════════════════════════════════════════════════════════════╗
    ║ Looks like Playwright was just installed or updated.       ║
    ║ Please run the following command to download new browsers: ║
    ║                                                            ║
    ║     npx playwright install                                 ║
    ║                                                            ║
    ║ <3 Playwright Team                                         ║
    ╚════════════════════════════════════════════════════════════╝

    Error Context: ../test-results/conflict-detection-dashboa-b2dae-to-refresh-every-30-seconds-chromium/error-context.md
]]>
</error>
</testcase>
</testsuite>
<testsuite name="maintenance-plan-manager.spec.ts" timestamp="2026-06-02T06:18:36.606Z" hostname="chromium" tests="12" failures="0" skipped="0" time="0.046" errors="12">
<testcase name="MaintenancePlanManager › should display list of maintenance plans" classname="maintenance-plan-manager.spec.ts" time="0.004">
<system-out>
<![CDATA[
[[ATTACHMENT|maintenance-plan-manager-M-43453-y-list-of-maintenance-plans-chromium/error-context.md]]
]]>
</system-out>
<error message="browserType.launch: Executable doesn&apos;t exist at /home/jeepney/.cache/ms-playwright/chromium_headless_shell-1223/chrome-headless-shell-linux64/chrome-headless-shell" type="Error">
<![CDATA[  [chromium] › maintenance-plan-manager.spec.ts:8:7 › MaintenancePlanManager › should display list of maintenance plans 

    Error: browserType.launch: Executable doesn't exist at /home/jeepney/.cache/ms-playwright/chromium_headless_shell-1223/chrome-headless-shell-linux64/chrome-headless-shell
    ╔════════════════════════════════════════════════════════════╗
    ║ Looks like Playwright was just installed or updated.       ║
    ║ Please run the following command to download new browsers: ║
    ║                                                            ║
    ║     npx playwright install                                 ║
    ║                                                            ║
    ║ <3 Playwright Team                                         ║
    ╚════════════════════════════════════════════════════════════╝

    Error Context: ../test-results/maintenance-plan-manager-M-43453-y-list-of-maintenance-plans-chromium/error-context.md
]]>
</error>
</testcase>
<testcase name="MaintenancePlanManager › should create new maintenance plan with validation" classname="maintenance-plan-manager.spec.ts" time="0.011">
<system-out>
<![CDATA[
[[ATTACHMENT|maintenance-plan-manager-M-055b3-enance-plan-with-validation-chromium/error-context.md]]
]]>
</system-out>
<error message="browserType.launch: Executable doesn&apos;t exist at /home/jeepney/.cache/ms-playwright/chromium_headless_shell-1223/chrome-headless-shell-linux64/chrome-headless-shell" type="Error">
<![CDATA[  [chromium] › maintenance-plan-manager.spec.ts:15:7 › MaintenancePlanManager › should create new maintenance plan with validation 

    Error: browserType.launch: Executable doesn't exist at /home/jeepney/.cache/ms-playwright/chromium_headless_shell-1223/chrome-headless-shell-linux64/chrome-headless-shell
    ╔════════════════════════════════════════════════════════════╗
    ║ Looks like Playwright was just installed or updated.       ║
    ║ Please run the following command to download new browsers: ║
    ║                                                            ║
    ║     npx playwright install                                 ║
    ║                                                            ║
    ║ <3 Playwright Team                                         ║
    ╚════════════════════════════════════════════════════════════╝

    Error Context: ../test-results/maintenance-plan-manager-M-055b3-enance-plan-with-validation-chromium/error-context.md
]]>
</error>
</testcase>
<testcase name="MaintenancePlanManager › should run validation before creating plan" classname="maintenance-plan-manager.spec.ts" time="0.003">
<system-out>
<![CDATA[
[[ATTACHMENT|maintenance-plan-manager-M-fa251-dation-before-creating-plan-chromium/error-context.md]]
]]>
</system-out>
<error message="browserType.launch: Executable doesn&apos;t exist at /home/jeepney/.cache/ms-playwright/chromium_headless_shell-1223/chrome-headless-shell-linux64/chrome-headless-shell" type="Error">
<![CDATA[  [chromium] › maintenance-plan-manager.spec.ts:33:7 › MaintenancePlanManager › should run validation before creating plan 

    Error: browserType.launch: Executable doesn't exist at /home/jeepney/.cache/ms-playwright/chromium_headless_shell-1223/chrome-headless-shell-linux64/chrome-headless-shell
    ╔════════════════════════════════════════════════════════════╗
    ║ Looks like Playwright was just installed or updated.       ║
    ║ Please run the following command to download new browsers: ║
    ║                                                            ║
    ║     npx playwright install                                 ║
    ║                                                            ║
    ║ <3 Playwright Team                                         ║
    ╚════════════════════════════════════════════════════════════╝

    Error Context: ../test-results/maintenance-plan-manager-M-fa251-dation-before-creating-plan-chromium/error-context.md
]]>
</error>
</testcase>
<testcase name="MaintenancePlanManager › should detect time overlap conflicts" classname="maintenance-plan-manager.spec.ts" time="0.003">
<system-out>
<![CDATA[
[[ATTACHMENT|maintenance-plan-manager-M-4116d-tect-time-overlap-conflicts-chromium/error-context.md]]
]]>
</system-out>
<error message="browserType.launch: Executable doesn&apos;t exist at /home/jeepney/.cache/ms-playwright/chromium_headless_shell-1223/chrome-headless-shell-linux64/chrome-headless-shell" type="Error">
<![CDATA[  [chromium] › maintenance-plan-manager.spec.ts:49:7 › MaintenancePlanManager › should detect time overlap conflicts 

    Error: browserType.launch: Executable doesn't exist at /home/jeepney/.cache/ms-playwright/chromium_headless_shell-1223/chrome-headless-shell-linux64/chrome-headless-shell
    ╔════════════════════════════════════════════════════════════╗
    ║ Looks like Playwright was just installed or updated.       ║
    ║ Please run the following command to download new browsers: ║
    ║                                                            ║
    ║     npx playwright install                                 ║
    ║                                                            ║
    ║ <3 Playwright Team                                         ║
    ╚════════════════════════════════════════════════════════════╝

    Error Context: ../test-results/maintenance-plan-manager-M-4116d-tect-time-overlap-conflicts-chromium/error-context.md
]]>
</error>
</testcase>
<testcase name="MaintenancePlanManager › should detect asset status conflicts" classname="maintenance-plan-manager.spec.ts" time="0.004">
<system-out>
<![CDATA[
[[ATTACHMENT|maintenance-plan-manager-M-8e251-tect-asset-status-conflicts-chromium/error-context.md]]
]]>
</system-out>
<error message="browserType.launch: Executable doesn&apos;t exist at /home/jeepney/.cache/ms-playwright/chromium_headless_shell-1223/chrome-headless-shell-linux64/chrome-headless-shell" type="Error">
<![CDATA[  [chromium] › maintenance-plan-manager.spec.ts:65:7 › MaintenancePlanManager › should detect asset status conflicts 

    Error: browserType.launch: Executable doesn't exist at /home/jeepney/.cache/ms-playwright/chromium_headless_shell-1223/chrome-headless-shell-linux64/chrome-headless-shell
    ╔════════════════════════════════════════════════════════════╗
    ║ Looks like Playwright was just installed or updated.       ║
    ║ Please run the following command to download new browsers: ║
    ║                                                            ║
    ║     npx playwright install                                 ║
    ║                                                            ║
    ║ <3 Playwright Team                                         ║
    ╚════════════════════════════════════════════════════════════╝

    Error Context: ../test-results/maintenance-plan-manager-M-8e251-tect-asset-status-conflicts-chromium/error-context.md
]]>
</error>
</testcase>
<testcase name="MaintenancePlanManager › should filter plans by status" classname="maintenance-plan-manager.spec.ts" time="0.003">
<system-out>
<![CDATA[
[[ATTACHMENT|maintenance-plan-manager-M-be976-ould-filter-plans-by-status-chromium/error-context.md]]
]]>
</system-out>
<error message="browserType.launch: Executable doesn&apos;t exist at /home/jeepney/.cache/ms-playwright/chromium_headless_shell-1223/chrome-headless-shell-linux64/chrome-headless-shell" type="Error">
<![CDATA[  [chromium] › maintenance-plan-manager.spec.ts:80:7 › MaintenancePlanManager › should filter plans by status 

    Error: browserType.launch: Executable doesn't exist at /home/jeepney/.cache/ms-playwright/chromium_headless_shell-1223/chrome-headless-shell-linux64/chrome-headless-shell
    ╔════════════════════════════════════════════════════════════╗
    ║ Looks like Playwright was just installed or updated.       ║
    ║ Please run the following command to download new browsers: ║
    ║                                                            ║
    ║     npx playwright install                                 ║
    ║                                                            ║
    ║ <3 Playwright Team                                         ║
    ╚════════════════════════════════════════════════════════════╝

    Error Context: ../test-results/maintenance-plan-manager-M-be976-ould-filter-plans-by-status-chromium/error-context.md
]]>
</error>
</testcase>
<testcase name="MaintenancePlanManager › should sort plans by priority" classname="maintenance-plan-manager.spec.ts" time="0.003">
<system-out>
<![CDATA[
[[ATTACHMENT|maintenance-plan-manager-M-c0862-ould-sort-plans-by-priority-chromium/error-context.md]]
]]>
</system-out>
<error message="browserType.launch: Executable doesn&apos;t exist at /home/jeepney/.cache/ms-playwright/chromium_headless_shell-1223/chrome-headless-shell-linux64/chrome-headless-shell" type="Error">
<![CDATA[  [chromium] › maintenance-plan-manager.spec.ts:93:7 › MaintenancePlanManager › should sort plans by priority 

    Error: browserType.launch: Executable doesn't exist at /home/jeepney/.cache/ms-playwright/chromium_headless_shell-1223/chrome-headless-shell-linux64/chrome-headless-shell
    ╔════════════════════════════════════════════════════════════╗
    ║ Looks like Playwright was just installed or updated.       ║
    ║ Please run the following command to download new browsers: ║
    ║                                                            ║
    ║     npx playwright install                                 ║
    ║                                                            ║
    ║ <3 Playwright Team                                         ║
    ╚════════════════════════════════════════════════════════════╝

    Error Context: ../test-results/maintenance-plan-manager-M-c0862-ould-sort-plans-by-priority-chromium/error-context.md
]]>
</error>
</testcase>
<testcase name="MaintenancePlanManager › should display team workload warning for over-capacity teams" classname="maintenance-plan-manager.spec.ts" time="0.003">
<system-out>
<![CDATA[
[[ATTACHMENT|maintenance-plan-manager-M-dbe5d-ing-for-over-capacity-teams-chromium/error-context.md]]
]]>
</system-out>
<error message="browserType.launch: Executable doesn&apos;t exist at /home/jeepney/.cache/ms-playwright/chromium_headless_shell-1223/chrome-headless-shell-linux64/chrome-headless-shell" type="Error">
<![CDATA[  [chromium] › maintenance-plan-manager.spec.ts:106:7 › MaintenancePlanManager › should display team workload warning for over-capacity teams 

    Error: browserType.launch: Executable doesn't exist at /home/jeepney/.cache/ms-playwright/chromium_headless_shell-1223/chrome-headless-shell-linux64/chrome-headless-shell
    ╔════════════════════════════════════════════════════════════╗
    ║ Looks like Playwright was just installed or updated.       ║
    ║ Please run the following command to download new browsers: ║
    ║                                                            ║
    ║     npx playwright install                                 ║
    ║                                                            ║
    ║ <3 Playwright Team                                         ║
    ╚════════════════════════════════════════════════════════════╝

    Error Context: ../test-results/maintenance-plan-manager-M-dbe5d-ing-for-over-capacity-teams-chromium/error-context.md
]]>
</error>
</testcase>
<testcase name="MaintenancePlanManager › should update plan status" classname="maintenance-plan-manager.spec.ts" time="0.003">
<system-out>
<![CDATA[
[[ATTACHMENT|maintenance-plan-manager-M-90180-r-should-update-plan-status-chromium/error-context.md]]
]]>
</system-out>
<error message="browserType.launch: Executable doesn&apos;t exist at /home/jeepney/.cache/ms-playwright/chromium_headless_shell-1223/chrome-headless-shell-linux64/chrome-headless-shell" type="Error">
<![CDATA[  [chromium] › maintenance-plan-manager.spec.ts:120:7 › MaintenancePlanManager › should update plan status 

    Error: browserType.launch: Executable doesn't exist at /home/jeepney/.cache/ms-playwright/chromium_headless_shell-1223/chrome-headless-shell-linux64/chrome-headless-shell
    ╔════════════════════════════════════════════════════════════╗
    ║ Looks like Playwright was just installed or updated.       ║
    ║ Please run the following command to download new browsers: ║
    ║                                                            ║
    ║     npx playwright install                                 ║
    ║                                                            ║
    ║ <3 Playwright Team                                         ║
    ╚════════════════════════════════════════════════════════════╝

    Error Context: ../test-results/maintenance-plan-manager-M-90180-r-should-update-plan-status-chromium/error-context.md
]]>
</error>
</testcase>
<testcase name="MaintenancePlanManager › should handle mobile view for maintenance plans" classname="maintenance-plan-manager.spec.ts" time="0.003">
<system-out>
<![CDATA[
[[ATTACHMENT|maintenance-plan-manager-M-92bd4--view-for-maintenance-plans-chromium/error-context.md]]
]]>
</system-out>
<error message="browserType.launch: Executable doesn&apos;t exist at /home/jeepney/.cache/ms-playwright/chromium_headless_shell-1223/chrome-headless-shell-linux64/chrome-headless-shell" type="Error">
<![CDATA[  [chromium] › maintenance-plan-manager.spec.ts:131:7 › MaintenancePlanManager › should handle mobile view for maintenance plans 

    Error: browserType.launch: Executable doesn't exist at /home/jeepney/.cache/ms-playwright/chromium_headless_shell-1223/chrome-headless-shell-linux64/chrome-headless-shell
    ╔════════════════════════════════════════════════════════════╗
    ║ Looks like Playwright was just installed or updated.       ║
    ║ Please run the following command to download new browsers: ║
    ║                                                            ║
    ║     npx playwright install                                 ║
    ║                                                            ║
    ║ <3 Playwright Team                                         ║
    ╚════════════════════════════════════════════════════════════╝

    Error Context: ../test-results/maintenance-plan-manager-M-92bd4--view-for-maintenance-plans-chromium/error-context.md
]]>
</error>
</testcase>
<testcase name="MaintenancePlanManager › should export plans to CSV" classname="maintenance-plan-manager.spec.ts" time="0.003">
<system-out>
<![CDATA[
[[ATTACHMENT|maintenance-plan-manager-M-8a1a6--should-export-plans-to-CSV-chromium/error-context.md]]
]]>
</system-out>
<error message="browserType.launch: Executable doesn&apos;t exist at /home/jeepney/.cache/ms-playwright/chromium_headless_shell-1223/chrome-headless-shell-linux64/chrome-headless-shell" type="Error">
<![CDATA[  [chromium] › maintenance-plan-manager.spec.ts:140:7 › MaintenancePlanManager › should export plans to CSV 

    Error: browserType.launch: Executable doesn't exist at /home/jeepney/.cache/ms-playwright/chromium_headless_shell-1223/chrome-headless-shell-linux64/chrome-headless-shell
    ╔════════════════════════════════════════════════════════════╗
    ║ Looks like Playwright was just installed or updated.       ║
    ║ Please run the following command to download new browsers: ║
    ║                                                            ║
    ║     npx playwright install                                 ║
    ║                                                            ║
    ║ <3 Playwright Team                                         ║
    ╚════════════════════════════════════════════════════════════╝

    Error Context: ../test-results/maintenance-plan-manager-M-8a1a6--should-export-plans-to-CSV-chromium/error-context.md
]]>
</error>
</testcase>
<testcase name="MaintenancePlanManager › should provide quick action buttons" classname="maintenance-plan-manager.spec.ts" time="0.003">
<system-out>
<![CDATA[
[[ATTACHMENT|maintenance-plan-manager-M-d9dab-rovide-quick-action-buttons-chromium/error-context.md]]
]]>
</system-out>
<error message="browserType.launch: Executable doesn&apos;t exist at /home/jeepney/.cache/ms-playwright/chromium_headless_shell-1223/chrome-headless-shell-linux64/chrome-headless-shell" type="Error">
<![CDATA[  [chromium] › maintenance-plan-manager.spec.ts:148:7 › MaintenancePlanManager › should provide quick action buttons 

    Error: browserType.launch: Executable doesn't exist at /home/jeepney/.cache/ms-playwright/chromium_headless_shell-1223/chrome-headless-shell-linux64/chrome-headless-shell
    ╔════════════════════════════════════════════════════════════╗
    ║ Looks like Playwright was just installed or updated.       ║
    ║ Please run the following command to download new browsers: ║
    ║                                                            ║
    ║     npx playwright install                                 ║
    ║                                                            ║
    ║ <3 Playwright Team                                         ║
    ╚════════════════════════════════════════════════════════════╝

    Error Context: ../test-results/maintenance-plan-manager-M-d9dab-rovide-quick-action-buttons-chromium/error-context.md
]]>
</error>
</testcase>
</testsuite>
<testsuite name="production-schedule-manager.spec.ts" timestamp="2026-06-02T06:18:36.606Z" hostname="chromium" tests="10" failures="0" skipped="0" time="0.033" errors="10">
<testcase name="ProductionScheduleManager › should display list of production schedules" classname="production-schedule-manager.spec.ts" time="0.003">
<system-out>
<![CDATA[
[[ATTACHMENT|production-schedule-manage-1baf0-ist-of-production-schedules-chromium/error-context.md]]
]]>
</system-out>
<error message="browserType.launch: Executable doesn&apos;t exist at /home/jeepney/.cache/ms-playwright/chromium_headless_shell-1223/chrome-headless-shell-linux64/chrome-headless-shell" type="Error">
<![CDATA[  [chromium] › production-schedule-manager.spec.ts:8:7 › ProductionScheduleManager › should display list of production schedules 

    Error: browserType.launch: Executable doesn't exist at /home/jeepney/.cache/ms-playwright/chromium_headless_shell-1223/chrome-headless-shell-linux64/chrome-headless-shell
    ╔════════════════════════════════════════════════════════════╗
    ║ Looks like Playwright was just installed or updated.       ║
    ║ Please run the following command to download new browsers: ║
    ║                                                            ║
    ║     npx playwright install                                 ║
    ║                                                            ║
    ║ <3 Playwright Team                                         ║
    ╚════════════════════════════════════════════════════════════╝

    Error Context: ../test-results/production-schedule-manage-1baf0-ist-of-production-schedules-chromium/error-context.md
]]>
</error>
</testcase>
<testcase name="ProductionScheduleManager › should create new production schedule" classname="production-schedule-manager.spec.ts" time="0.003">
<system-out>
<![CDATA[
[[ATTACHMENT|production-schedule-manage-ce35c-ate-new-production-schedule-chromium/error-context.md]]
]]>
</system-out>
<error message="browserType.launch: Executable doesn&apos;t exist at /home/jeepney/.cache/ms-playwright/chromium_headless_shell-1223/chrome-headless-shell-linux64/chrome-headless-shell" type="Error">
<![CDATA[  [chromium] › production-schedule-manager.spec.ts:15:7 › ProductionScheduleManager › should create new production schedule 

    Error: browserType.launch: Executable doesn't exist at /home/jeepney/.cache/ms-playwright/chromium_headless_shell-1223/chrome-headless-shell-linux64/chrome-headless-shell
    ╔════════════════════════════════════════════════════════════╗
    ║ Looks like Playwright was just installed or updated.       ║
    ║ Please run the following command to download new browsers: ║
    ║                                                            ║
    ║     npx playwright install                                 ║
    ║                                                            ║
    ║ <3 Playwright Team                                         ║
    ╚════════════════════════════════════════════════════════════╝

    Error Context: ../test-results/production-schedule-manage-ce35c-ate-new-production-schedule-chromium/error-context.md
]]>
</error>
</testcase>
<testcase name="ProductionScheduleManager › should handle validation errors for invalid input" classname="production-schedule-manager.spec.ts" time="0.004">
<system-out>
<![CDATA[
[[ATTACHMENT|production-schedule-manage-6295a-on-errors-for-invalid-input-chromium/error-context.md]]
]]>
</system-out>
<error message="browserType.launch: Executable doesn&apos;t exist at /home/jeepney/.cache/ms-playwright/chromium_headless_shell-1223/chrome-headless-shell-linux64/chrome-headless-shell" type="Error">
<![CDATA[  [chromium] › production-schedule-manager.spec.ts:30:7 › ProductionScheduleManager › should handle validation errors for invalid input 

    Error: browserType.launch: Executable doesn't exist at /home/jeepney/.cache/ms-playwright/chromium_headless_shell-1223/chrome-headless-shell-linux64/chrome-headless-shell
    ╔════════════════════════════════════════════════════════════╗
    ║ Looks like Playwright was just installed or updated.       ║
    ║ Please run the following command to download new browsers: ║
    ║                                                            ║
    ║     npx playwright install                                 ║
    ║                                                            ║
    ║ <3 Playwright Team                                         ║
    ╚════════════════════════════════════════════════════════════╝

    Error Context: ../test-results/production-schedule-manage-6295a-on-errors-for-invalid-input-chromium/error-context.md
]]>
</error>
</testcase>
<testcase name="ProductionScheduleManager › should filter schedules by facility" classname="production-schedule-manager.spec.ts" time="0.003">
<system-out>
<![CDATA[
[[ATTACHMENT|production-schedule-manage-0a960-ilter-schedules-by-facility-chromium/error-context.md]]
]]>
</system-out>
<error message="browserType.launch: Executable doesn&apos;t exist at /home/jeepney/.cache/ms-playwright/chromium_headless_shell-1223/chrome-headless-shell-linux64/chrome-headless-shell" type="Error">
<![CDATA[  [chromium] › production-schedule-manager.spec.ts:39:7 › ProductionScheduleManager › should filter schedules by facility 

    Error: browserType.launch: Executable doesn't exist at /home/jeepney/.cache/ms-playwright/chromium_headless_shell-1223/chrome-headless-shell-linux64/chrome-headless-shell
    ╔════════════════════════════════════════════════════════════╗
    ║ Looks like Playwright was just installed or updated.       ║
    ║ Please run the following command to download new browsers: ║
    ║                                                            ║
    ║     npx playwright install                                 ║
    ║                                                            ║
    ║ <3 Playwright Team                                         ║
    ╚════════════════════════════════════════════════════════════╝

    Error Context: ../test-results/production-schedule-manage-0a960-ilter-schedules-by-facility-chromium/error-context.md
]]>
</error>
</testcase>
<testcase name="ProductionScheduleManager › should sort schedules by date" classname="production-schedule-manager.spec.ts" time="0.004">
<system-out>
<![CDATA[
[[ATTACHMENT|production-schedule-manage-7696d-ould-sort-schedules-by-date-chromium/error-context.md]]
]]>
</system-out>
<error message="browserType.launch: Executable doesn&apos;t exist at /home/jeepney/.cache/ms-playwright/chromium_headless_shell-1223/chrome-headless-shell-linux64/chrome-headless-shell" type="Error">
<![CDATA[  [chromium] › production-schedule-manager.spec.ts:52:7 › ProductionScheduleManager › should sort schedules by date 

    Error: browserType.launch: Executable doesn't exist at /home/jeepney/.cache/ms-playwright/chromium_headless_shell-1223/chrome-headless-shell-linux64/chrome-headless-shell
    ╔════════════════════════════════════════════════════════════╗
    ║ Looks like Playwright was just installed or updated.       ║
    ║ Please run the following command to download new browsers: ║
    ║                                                            ║
    ║     npx playwright install                                 ║
    ║                                                            ║
    ║ <3 Playwright Team                                         ║
    ╚════════════════════════════════════════════════════════════╝

    Error Context: ../test-results/production-schedule-manage-7696d-ould-sort-schedules-by-date-chromium/error-context.md
]]>
</error>
</testcase>
<testcase name="ProductionScheduleManager › should display schedule details on click" classname="production-schedule-manager.spec.ts" time="0.004">
<system-out>
<![CDATA[
[[ATTACHMENT|production-schedule-manage-44b62-y-schedule-details-on-click-chromium/error-context.md]]
]]>
</system-out>
<error message="browserType.launch: Executable doesn&apos;t exist at /home/jeepney/.cache/ms-playwright/chromium_headless_shell-1223/chrome-headless-shell-linux64/chrome-headless-shell" type="Error">
<![CDATA[  [chromium] › production-schedule-manager.spec.ts:63:7 › ProductionScheduleManager › should display schedule details on click 

    Error: browserType.launch: Executable doesn't exist at /home/jeepney/.cache/ms-playwright/chromium_headless_shell-1223/chrome-headless-shell-linux64/chrome-headless-shell
    ╔════════════════════════════════════════════════════════════╗
    ║ Looks like Playwright was just installed or updated.       ║
    ║ Please run the following command to download new browsers: ║
    ║                                                            ║
    ║     npx playwright install                                 ║
    ║                                                            ║
    ║ <3 Playwright Team                                         ║
    ╚════════════════════════════════════════════════════════════╝

    Error Context: ../test-results/production-schedule-manage-44b62-y-schedule-details-on-click-chromium/error-context.md
]]>
</error>
</testcase>
<testcase name="ProductionScheduleManager › should handle mobile responsiveness" classname="production-schedule-manager.spec.ts" time="0.003">
<system-out>
<![CDATA[
[[ATTACHMENT|production-schedule-manage-acdc8-andle-mobile-responsiveness-chromium/error-context.md]]
]]>
</system-out>
<error message="browserType.launch: Executable doesn&apos;t exist at /home/jeepney/.cache/ms-playwright/chromium_headless_shell-1223/chrome-headless-shell-linux64/chrome-headless-shell" type="Error">
<![CDATA[  [chromium] › production-schedule-manager.spec.ts:71:7 › ProductionScheduleManager › should handle mobile responsiveness 

    Error: browserType.launch: Executable doesn't exist at /home/jeepney/.cache/ms-playwright/chromium_headless_shell-1223/chrome-headless-shell-linux64/chrome-headless-shell
    ╔════════════════════════════════════════════════════════════╗
    ║ Looks like Playwright was just installed or updated.       ║
    ║ Please run the following command to download new browsers: ║
    ║                                                            ║
    ║     npx playwright install                                 ║
    ║                                                            ║
    ║ <3 Playwright Team                                         ║
    ╚════════════════════════════════════════════════════════════╝

    Error Context: ../test-results/production-schedule-manage-acdc8-andle-mobile-responsiveness-chromium/error-context.md
]]>
</error>
</testcase>
<testcase name="ProductionScheduleManager › should handle API errors gracefully" classname="production-schedule-manager.spec.ts" time="0.004">
<system-out>
<![CDATA[
[[ATTACHMENT|production-schedule-manage-92180-andle-API-errors-gracefully-chromium/error-context.md]]
]]>
</system-out>
<error message="browserType.launch: Executable doesn&apos;t exist at /home/jeepney/.cache/ms-playwright/chromium_headless_shell-1223/chrome-headless-shell-linux64/chrome-headless-shell" type="Error">
<![CDATA[  [chromium] › production-schedule-manager.spec.ts:80:7 › ProductionScheduleManager › should handle API errors gracefully 

    Error: browserType.launch: Executable doesn't exist at /home/jeepney/.cache/ms-playwright/chromium_headless_shell-1223/chrome-headless-shell-linux64/chrome-headless-shell
    ╔════════════════════════════════════════════════════════════╗
    ║ Looks like Playwright was just installed or updated.       ║
    ║ Please run the following command to download new browsers: ║
    ║                                                            ║
    ║     npx playwright install                                 ║
    ║                                                            ║
    ║ <3 Playwright Team                                         ║
    ╚════════════════════════════════════════════════════════════╝

    Error Context: ../test-results/production-schedule-manage-92180-andle-API-errors-gracefully-chromium/error-context.md
]]>
</error>
</testcase>
<testcase name="ProductionScheduleManager › should edit existing schedule" classname="production-schedule-manager.spec.ts" time="0.003">
<system-out>
<![CDATA[
[[ATTACHMENT|production-schedule-manage-81b95-ould-edit-existing-schedule-chromium/error-context.md]]
]]>
</system-out>
<error message="browserType.launch: Executable doesn&apos;t exist at /home/jeepney/.cache/ms-playwright/chromium_headless_shell-1223/chrome-headless-shell-linux64/chrome-headless-shell" type="Error">
<![CDATA[  [chromium] › production-schedule-manager.spec.ts:89:7 › ProductionScheduleManager › should edit existing schedule 

    Error: browserType.launch: Executable doesn't exist at /home/jeepney/.cache/ms-playwright/chromium_headless_shell-1223/chrome-headless-shell-linux64/chrome-headless-shell
    ╔════════════════════════════════════════════════════════════╗
    ║ Looks like Playwright was just installed or updated.       ║
    ║ Please run the following command to download new browsers: ║
    ║                                                            ║
    ║     npx playwright install                                 ║
    ║                                                            ║
    ║ <3 Playwright Team                                         ║
    ╚════════════════════════════════════════════════════════════╝

    Error Context: ../test-results/production-schedule-manage-81b95-ould-edit-existing-schedule-chromium/error-context.md
]]>
</error>
</testcase>
<testcase name="ProductionScheduleManager › should disable form fields based on schedule status" classname="production-schedule-manager.spec.ts" time="0.002">
<system-out>
<![CDATA[
[[ATTACHMENT|production-schedule-manage-6a40a-ds-based-on-schedule-status-chromium/error-context.md]]
]]>
</system-out>
<error message="browserType.launch: Executable doesn&apos;t exist at /home/jeepney/.cache/ms-playwright/chromium_headless_shell-1223/chrome-headless-shell-linux64/chrome-headless-shell" type="Error">
<![CDATA[  [chromium] › production-schedule-manager.spec.ts:102:7 › ProductionScheduleManager › should disable form fields based on schedule status 

    Error: browserType.launch: Executable doesn't exist at /home/jeepney/.cache/ms-playwright/chromium_headless_shell-1223/chrome-headless-shell-linux64/chrome-headless-shell
    ╔════════════════════════════════════════════════════════════╗
    ║ Looks like Playwright was just installed or updated.       ║
    ║ Please run the following command to download new browsers: ║
    ║                                                            ║
    ║     npx playwright install                                 ║
    ║                                                            ║
    ║ <3 Playwright Team                                         ║
    ╚════════════════════════════════════════════════════════════╝

    Error Context: ../test-results/production-schedule-manage-6a40a-ds-based-on-schedule-status-chromium/error-context.md
]]>
</error>
</testcase>
</testsuite>
<testsuite name="team-assignment-manager.spec.ts" timestamp="2026-06-02T06:18:36.606Z" hostname="chromium" tests="18" failures="0" skipped="0" time="0.058" errors="18">
<testcase name="TeamAssignmentManager › should display list of teams" classname="team-assignment-manager.spec.ts" time="0.004">
<system-out>
<![CDATA[
[[ATTACHMENT|team-assignment-manager-Te-00a57-hould-display-list-of-teams-chromium/error-context.md]]
]]>
</system-out>
<error message="browserType.launch: Executable doesn&apos;t exist at /home/jeepney/.cache/ms-playwright/chromium_headless_shell-1223/chrome-headless-shell-linux64/chrome-headless-shell" type="Error">
<![CDATA[  [chromium] › team-assignment-manager.spec.ts:8:7 › TeamAssignmentManager › should display list of teams 

    Error: browserType.launch: Executable doesn't exist at /home/jeepney/.cache/ms-playwright/chromium_headless_shell-1223/chrome-headless-shell-linux64/chrome-headless-shell
    ╔════════════════════════════════════════════════════════════╗
    ║ Looks like Playwright was just installed or updated.       ║
    ║ Please run the following command to download new browsers: ║
    ║                                                            ║
    ║     npx playwright install                                 ║
    ║                                                            ║
    ║ <3 Playwright Team                                         ║
    ╚════════════════════════════════════════════════════════════╝

    Error Context: ../test-results/team-assignment-manager-Te-00a57-hould-display-list-of-teams-chromium/error-context.md
]]>
</error>
</testcase>
<testcase name="TeamAssignmentManager › should create new team assignment" classname="team-assignment-manager.spec.ts" time="0.003">
<system-out>
<![CDATA[
[[ATTACHMENT|team-assignment-manager-Te-b1899--create-new-team-assignment-chromium/error-context.md]]
]]>
</system-out>
<error message="browserType.launch: Executable doesn&apos;t exist at /home/jeepney/.cache/ms-playwright/chromium_headless_shell-1223/chrome-headless-shell-linux64/chrome-headless-shell" type="Error">
<![CDATA[  [chromium] › team-assignment-manager.spec.ts:15:7 › TeamAssignmentManager › should create new team assignment 

    Error: browserType.launch: Executable doesn't exist at /home/jeepney/.cache/ms-playwright/chromium_headless_shell-1223/chrome-headless-shell-linux64/chrome-headless-shell
    ╔════════════════════════════════════════════════════════════╗
    ║ Looks like Playwright was just installed or updated.       ║
    ║ Please run the following command to download new browsers: ║
    ║                                                            ║
    ║     npx playwright install                                 ║
    ║                                                            ║
    ║ <3 Playwright Team                                         ║
    ╚════════════════════════════════════════════════════════════╝

    Error Context: ../test-results/team-assignment-manager-Te-b1899--create-new-team-assignment-chromium/error-context.md
]]>
</error>
</testcase>
<testcase name="TeamAssignmentManager › should validate required fields" classname="team-assignment-manager.spec.ts" time="0.003">
<system-out>
<![CDATA[
[[ATTACHMENT|team-assignment-manager-Te-4f3e2-ld-validate-required-fields-chromium/error-context.md]]
]]>
</system-out>
<error message="browserType.launch: Executable doesn&apos;t exist at /home/jeepney/.cache/ms-playwright/chromium_headless_shell-1223/chrome-headless-shell-linux64/chrome-headless-shell" type="Error">
<![CDATA[  [chromium] › team-assignment-manager.spec.ts:34:7 › TeamAssignmentManager › should validate required fields 

    Error: browserType.launch: Executable doesn't exist at /home/jeepney/.cache/ms-playwright/chromium_headless_shell-1223/chrome-headless-shell-linux64/chrome-headless-shell
    ╔════════════════════════════════════════════════════════════╗
    ║ Looks like Playwright was just installed or updated.       ║
    ║ Please run the following command to download new browsers: ║
    ║                                                            ║
    ║     npx playwright install                                 ║
    ║                                                            ║
    ║ <3 Playwright Team                                         ║
    ╚════════════════════════════════════════════════════════════╝

    Error Context: ../test-results/team-assignment-manager-Te-4f3e2-ld-validate-required-fields-chromium/error-context.md
]]>
</error>
</testcase>
<testcase name="TeamAssignmentManager › should display team utilization metrics" classname="team-assignment-manager.spec.ts" time="0.004">
<system-out>
<![CDATA[
[[ATTACHMENT|team-assignment-manager-Te-17978-ay-team-utilization-metrics-chromium/error-context.md]]
]]>
</system-out>
<error message="browserType.launch: Executable doesn&apos;t exist at /home/jeepney/.cache/ms-playwright/chromium_headless_shell-1223/chrome-headless-shell-linux64/chrome-headless-shell" type="Error">
<![CDATA[  [chromium] › team-assignment-manager.spec.ts:43:7 › TeamAssignmentManager › should display team utilization metrics 

    Error: browserType.launch: Executable doesn't exist at /home/jeepney/.cache/ms-playwright/chromium_headless_shell-1223/chrome-headless-shell-linux64/chrome-headless-shell
    ╔════════════════════════════════════════════════════════════╗
    ║ Looks like Playwright was just installed or updated.       ║
    ║ Please run the following command to download new browsers: ║
    ║                                                            ║
    ║     npx playwright install                                 ║
    ║                                                            ║
    ║ <3 Playwright Team                                         ║
    ╚════════════════════════════════════════════════════════════╝

    Error Context: ../test-results/team-assignment-manager-Te-17978-ay-team-utilization-metrics-chromium/error-context.md
]]>
</error>
</testcase>
<testcase name="TeamAssignmentManager › should display team member details" classname="team-assignment-manager.spec.ts" time="0.002">
<system-out>
<![CDATA[
[[ATTACHMENT|team-assignment-manager-Te-9e405-display-team-member-details-chromium/error-context.md]]
]]>
</system-out>
<error message="browserType.launch: Executable doesn&apos;t exist at /home/jeepney/.cache/ms-playwright/chromium_headless_shell-1223/chrome-headless-shell-linux64/chrome-headless-shell" type="Error">
<![CDATA[  [chromium] › team-assignment-manager.spec.ts:58:7 › TeamAssignmentManager › should display team member details 

    Error: browserType.launch: Executable doesn't exist at /home/jeepney/.cache/ms-playwright/chromium_headless_shell-1223/chrome-headless-shell-linux64/chrome-headless-shell
    ╔════════════════════════════════════════════════════════════╗
    ║ Looks like Playwright was just installed or updated.       ║
    ║ Please run the following command to download new browsers: ║
    ║                                                            ║
    ║     npx playwright install                                 ║
    ║                                                            ║
    ║ <3 Playwright Team                                         ║
    ╚════════════════════════════════════════════════════════════╝

    Error Context: ../test-results/team-assignment-manager-Te-9e405-display-team-member-details-chromium/error-context.md
]]>
</error>
</testcase>
<testcase name="TeamAssignmentManager › should filter teams by type" classname="team-assignment-manager.spec.ts" time="0.003">
<system-out>
<![CDATA[
[[ATTACHMENT|team-assignment-manager-Te-27f9d-should-filter-teams-by-type-chromium/error-context.md]]
]]>
</system-out>
<error message="browserType.launch: Executable doesn&apos;t exist at /home/jeepney/.cache/ms-playwright/chromium_headless_shell-1223/chrome-headless-shell-linux64/chrome-headless-shell" type="Error">
<![CDATA[  [chromium] › team-assignment-manager.spec.ts:72:7 › TeamAssignmentManager › should filter teams by type 

    Error: browserType.launch: Executable doesn't exist at /home/jeepney/.cache/ms-playwright/chromium_headless_shell-1223/chrome-headless-shell-linux64/chrome-headless-shell
    ╔════════════════════════════════════════════════════════════╗
    ║ Looks like Playwright was just installed or updated.       ║
    ║ Please run the following command to download new browsers: ║
    ║                                                            ║
    ║     npx playwright install                                 ║
    ║                                                            ║
    ║ <3 Playwright Team                                         ║
    ╚════════════════════════════════════════════════════════════╝

    Error Context: ../test-results/team-assignment-manager-Te-27f9d-should-filter-teams-by-type-chromium/error-context.md
]]>
</error>
</testcase>
<testcase name="TeamAssignmentManager › should filter teams by facility" classname="team-assignment-manager.spec.ts" time="0.004">
<system-out>
<![CDATA[
[[ATTACHMENT|team-assignment-manager-Te-7e03c-ld-filter-teams-by-facility-chromium/error-context.md]]
]]>
</system-out>
<error message="browserType.launch: Executable doesn&apos;t exist at /home/jeepney/.cache/ms-playwright/chromium_headless_shell-1223/chrome-headless-shell-linux64/chrome-headless-shell" type="Error">
<![CDATA[  [chromium] › team-assignment-manager.spec.ts:85:7 › TeamAssignmentManager › should filter teams by facility 

    Error: browserType.launch: Executable doesn't exist at /home/jeepney/.cache/ms-playwright/chromium_headless_shell-1223/chrome-headless-shell-linux64/chrome-headless-shell
    ╔════════════════════════════════════════════════════════════╗
    ║ Looks like Playwright was just installed or updated.       ║
    ║ Please run the following command to download new browsers: ║
    ║                                                            ║
    ║     npx playwright install                                 ║
    ║                                                            ║
    ║ <3 Playwright Team                                         ║
    ╚════════════════════════════════════════════════════════════╝

    Error Context: ../test-results/team-assignment-manager-Te-7e03c-ld-filter-teams-by-facility-chromium/error-context.md
]]>
</error>
</testcase>
<testcase name="TeamAssignmentManager › should display team status badges with correct colors" classname="team-assignment-manager.spec.ts" time="0.003">
<system-out>
<![CDATA[
[[ATTACHMENT|team-assignment-manager-Te-62e1b--badges-with-correct-colors-chromium/error-context.md]]
]]>
</system-out>
<error message="browserType.launch: Executable doesn&apos;t exist at /home/jeepney/.cache/ms-playwright/chromium_headless_shell-1223/chrome-headless-shell-linux64/chrome-headless-shell" type="Error">
<![CDATA[  [chromium] › team-assignment-manager.spec.ts:98:7 › TeamAssignmentManager › should display team status badges with correct colors 

    Error: browserType.launch: Executable doesn't exist at /home/jeepney/.cache/ms-playwright/chromium_headless_shell-1223/chrome-headless-shell-linux64/chrome-headless-shell
    ╔════════════════════════════════════════════════════════════╗
    ║ Looks like Playwright was just installed or updated.       ║
    ║ Please run the following command to download new browsers: ║
    ║                                                            ║
    ║     npx playwright install                                 ║
    ║                                                            ║
    ║ <3 Playwright Team                                         ║
    ╚════════════════════════════════════════════════════════════╝

    Error Context: ../test-results/team-assignment-manager-Te-62e1b--badges-with-correct-colors-chromium/error-context.md
]]>
</error>
</testcase>
<testcase name="TeamAssignmentManager › should assign tasks to team" classname="team-assignment-manager.spec.ts" time="0.003">
<system-out>
<![CDATA[
[[ATTACHMENT|team-assignment-manager-Te-aaa2f-should-assign-tasks-to-team-chromium/error-context.md]]
]]>
</system-out>
<error message="browserType.launch: Executable doesn&apos;t exist at /home/jeepney/.cache/ms-playwright/chromium_headless_shell-1223/chrome-headless-shell-linux64/chrome-headless-shell" type="Error">
<![CDATA[  [chromium] › team-assignment-manager.spec.ts:109:7 › TeamAssignmentManager › should assign tasks to team 

    Error: browserType.launch: Executable doesn't exist at /home/jeepney/.cache/ms-playwright/chromium_headless_shell-1223/chrome-headless-shell-linux64/chrome-headless-shell
    ╔════════════════════════════════════════════════════════════╗
    ║ Looks like Playwright was just installed or updated.       ║
    ║ Please run the following command to download new browsers: ║
    ║                                                            ║
    ║     npx playwright install                                 ║
    ║                                                            ║
    ║ <3 Playwright Team                                         ║
    ╚════════════════════════════════════════════════════════════╝

    Error Context: ../test-results/team-assignment-manager-Te-aaa2f-should-assign-tasks-to-team-chromium/error-context.md
]]>
</error>
</testcase>
<testcase name="TeamAssignmentManager › should handle team capacity warnings" classname="team-assignment-manager.spec.ts" time="0.002">
<system-out>
<![CDATA[
[[ATTACHMENT|team-assignment-manager-Te-33fd6-ndle-team-capacity-warnings-chromium/error-context.md]]
]]>
</system-out>
<error message="browserType.launch: Executable doesn&apos;t exist at /home/jeepney/.cache/ms-playwright/chromium_headless_shell-1223/chrome-headless-shell-linux64/chrome-headless-shell" type="Error">
<![CDATA[  [chromium] › team-assignment-manager.spec.ts:126:7 › TeamAssignmentManager › should handle team capacity warnings 

    Error: browserType.launch: Executable doesn't exist at /home/jeepney/.cache/ms-playwright/chromium_headless_shell-1223/chrome-headless-shell-linux64/chrome-headless-shell
    ╔════════════════════════════════════════════════════════════╗
    ║ Looks like Playwright was just installed or updated.       ║
    ║ Please run the following command to download new browsers: ║
    ║                                                            ║
    ║     npx playwright install                                 ║
    ║                                                            ║
    ║ <3 Playwright Team                                         ║
    ╚════════════════════════════════════════════════════════════╝

    Error Context: ../test-results/team-assignment-manager-Te-33fd6-ndle-team-capacity-warnings-chromium/error-context.md
]]>
</error>
</testcase>
<testcase name="TeamAssignmentManager › should edit team information" classname="team-assignment-manager.spec.ts" time="0.003">
<system-out>
<![CDATA[
[[ATTACHMENT|team-assignment-manager-Te-15d88-hould-edit-team-information-chromium/error-context.md]]
]]>
</system-out>
<error message="browserType.launch: Executable doesn&apos;t exist at /home/jeepney/.cache/ms-playwright/chromium_headless_shell-1223/chrome-headless-shell-linux64/chrome-headless-shell" type="Error">
<![CDATA[  [chromium] › team-assignment-manager.spec.ts:142:7 › TeamAssignmentManager › should edit team information 

    Error: browserType.launch: Executable doesn't exist at /home/jeepney/.cache/ms-playwright/chromium_headless_shell-1223/chrome-headless-shell-linux64/chrome-headless-shell
    ╔════════════════════════════════════════════════════════════╗
    ║ Looks like Playwright was just installed or updated.       ║
    ║ Please run the following command to download new browsers: ║
    ║                                                            ║
    ║     npx playwright install                                 ║
    ║                                                            ║
    ║ <3 Playwright Team                                         ║
    ╚════════════════════════════════════════════════════════════╝

    Error Context: ../test-results/team-assignment-manager-Te-15d88-hould-edit-team-information-chromium/error-context.md
]]>
</error>
</testcase>
<testcase name="TeamAssignmentManager › should display team assignments in table view" classname="team-assignment-manager.spec.ts" time="0.003">
<system-out>
<![CDATA[
[[ATTACHMENT|team-assignment-manager-Te-84216-m-assignments-in-table-view-chromium/error-context.md]]
]]>
</system-out>
<error message="browserType.launch: Executable doesn&apos;t exist at /home/jeepney/.cache/ms-playwright/chromium_headless_shell-1223/chrome-headless-shell-linux64/chrome-headless-shell" type="Error">
<![CDATA[  [chromium] › team-assignment-manager.spec.ts:158:7 › TeamAssignmentManager › should display team assignments in table view 

    Error: browserType.launch: Executable doesn't exist at /home/jeepney/.cache/ms-playwright/chromium_headless_shell-1223/chrome-headless-shell-linux64/chrome-headless-shell
    ╔════════════════════════════════════════════════════════════╗
    ║ Looks like Playwright was just installed or updated.       ║
    ║ Please run the following command to download new browsers: ║
    ║                                                            ║
    ║     npx playwright install                                 ║
    ║                                                            ║
    ║ <3 Playwright Team                                         ║
    ╚════════════════════════════════════════════════════════════╝

    Error Context: ../test-results/team-assignment-manager-Te-84216-m-assignments-in-table-view-chromium/error-context.md
]]>
</error>
</testcase>
<testcase name="TeamAssignmentManager › should sort teams by workload" classname="team-assignment-manager.spec.ts" time="0.003">
<system-out>
<![CDATA[
[[ATTACHMENT|team-assignment-manager-Te-433d7-ould-sort-teams-by-workload-chromium/error-context.md]]
]]>
</system-out>
<error message="browserType.launch: Executable doesn&apos;t exist at /home/jeepney/.cache/ms-playwright/chromium_headless_shell-1223/chrome-headless-shell-linux64/chrome-headless-shell" type="Error">
<![CDATA[  [chromium] › team-assignment-manager.spec.ts:170:7 › TeamAssignmentManager › should sort teams by workload 

    Error: browserType.launch: Executable doesn't exist at /home/jeepney/.cache/ms-playwright/chromium_headless_shell-1223/chrome-headless-shell-linux64/chrome-headless-shell
    ╔════════════════════════════════════════════════════════════╗
    ║ Looks like Playwright was just installed or updated.       ║
    ║ Please run the following command to download new browsers: ║
    ║                                                            ║
    ║     npx playwright install                                 ║
    ║                                                            ║
    ║ <3 Playwright Team                                         ║
    ╚════════════════════════════════════════════════════════════╝

    Error Context: ../test-results/team-assignment-manager-Te-433d7-ould-sort-teams-by-workload-chromium/error-context.md
]]>
</error>
</testcase>
<testcase name="TeamAssignmentManager › should handle mobile responsiveness" classname="team-assignment-manager.spec.ts" time="0.005">
<system-out>
<![CDATA[
[[ATTACHMENT|team-assignment-manager-Te-3a681-andle-mobile-responsiveness-chromium/error-context.md]]
]]>
</system-out>
<error message="browserType.launch: Executable doesn&apos;t exist at /home/jeepney/.cache/ms-playwright/chromium_headless_shell-1223/chrome-headless-shell-linux64/chrome-headless-shell" type="Error">
<![CDATA[  [chromium] › team-assignment-manager.spec.ts:181:7 › TeamAssignmentManager › should handle mobile responsiveness 

    Error: browserType.launch: Executable doesn't exist at /home/jeepney/.cache/ms-playwright/chromium_headless_shell-1223/chrome-headless-shell-linux64/chrome-headless-shell
    ╔════════════════════════════════════════════════════════════╗
    ║ Looks like Playwright was just installed or updated.       ║
    ║ Please run the following command to download new browsers: ║
    ║                                                            ║
    ║     npx playwright install                                 ║
    ║                                                            ║
    ║ <3 Playwright Team                                         ║
    ╚════════════════════════════════════════════════════════════╝

    Error Context: ../test-results/team-assignment-manager-Te-3a681-andle-mobile-responsiveness-chromium/error-context.md
]]>
</error>
</testcase>
<testcase name="TeamAssignmentManager › should provide keyboard navigation" classname="team-assignment-manager.spec.ts" time="0.004">
<system-out>
<![CDATA[
[[ATTACHMENT|team-assignment-manager-Te-1ef96-provide-keyboard-navigation-chromium/error-context.md]]
]]>
</system-out>
<error message="browserType.launch: Executable doesn&apos;t exist at /home/jeepney/.cache/ms-playwright/chromium_headless_shell-1223/chrome-headless-shell-linux64/chrome-headless-shell" type="Error">
<![CDATA[  [chromium] › team-assignment-manager.spec.ts:190:7 › TeamAssignmentManager › should provide keyboard navigation 

    Error: browserType.launch: Executable doesn't exist at /home/jeepney/.cache/ms-playwright/chromium_headless_shell-1223/chrome-headless-shell-linux64/chrome-headless-shell
    ╔════════════════════════════════════════════════════════════╗
    ║ Looks like Playwright was just installed or updated.       ║
    ║ Please run the following command to download new browsers: ║
    ║                                                            ║
    ║     npx playwright install                                 ║
    ║                                                            ║
    ║ <3 Playwright Team                                         ║
    ╚════════════════════════════════════════════════════════════╝

    Error Context: ../test-results/team-assignment-manager-Te-1ef96-provide-keyboard-navigation-chromium/error-context.md
]]>
</error>
</testcase>
<testcase name="TeamAssignmentManager › should display team performance metrics" classname="team-assignment-manager.spec.ts" time="0.003">
<system-out>
<![CDATA[
[[ATTACHMENT|team-assignment-manager-Te-5f3ab-ay-team-performance-metrics-chromium/error-context.md]]
]]>
</system-out>
<error message="browserType.launch: Executable doesn&apos;t exist at /home/jeepney/.cache/ms-playwright/chromium_headless_shell-1223/chrome-headless-shell-linux64/chrome-headless-shell" type="Error">
<![CDATA[  [chromium] › team-assignment-manager.spec.ts:200:7 › TeamAssignmentManager › should display team performance metrics 

    Error: browserType.launch: Executable doesn't exist at /home/jeepney/.cache/ms-playwright/chromium_headless_shell-1223/chrome-headless-shell-linux64/chrome-headless-shell
    ╔════════════════════════════════════════════════════════════╗
[...]

    Error: browserType.launch: Executable doesn't exist at /home/jeepney/.cache/ms-playwright/webkit-2287/pw_run.sh
    ╔════════════════════════════════════════════════════════════╗
    ║ Looks like Playwright was just installed or updated.       ║
    ║ Please run the following command to download new browsers: ║
    ║                                                            ║
    ║     npx playwright install                                 ║
    ║                                                            ║
    ║ <3 Playwright Team                                         ║
    ╚════════════════════════════════════════════════════════════╝

    Error Context: ../test-results/team-assignment-manager-Te-17978-ay-team-utilization-metrics-Mobile-Safari/error-context.md
]]>
</error>
</testcase>
<testcase name="TeamAssignmentManager › should display team member details" classname="team-assignment-manager.spec.ts" time="0.005">
<system-out>
<![CDATA[
[[ATTACHMENT|team-assignment-manager-Te-9e405-display-team-member-details-Mobile-Safari/error-context.md]]
]]>
</system-out>
<error message="browserType.launch: Executable doesn&apos;t exist at /home/jeepney/.cache/ms-playwright/webkit-2287/pw_run.sh" type="Error">
<![CDATA[  [Mobile Safari] › team-assignment-manager.spec.ts:58:7 › TeamAssignmentManager › should display team member details 

    Error: browserType.launch: Executable doesn't exist at /home/jeepney/.cache/ms-playwright/webkit-2287/pw_run.sh
    ╔════════════════════════════════════════════════════════════╗
    ║ Looks like Playwright was just installed or updated.       ║
    ║ Please run the following command to download new browsers: ║
    ║                                                            ║
    ║     npx playwright install                                 ║
    ║                                                            ║
    ║ <3 Playwright Team                                         ║
    ╚════════════════════════════════════════════════════════════╝

    Error Context: ../test-results/team-assignment-manager-Te-9e405-display-team-member-details-Mobile-Safari/error-context.md
]]>
</error>
</testcase>
<testcase name="TeamAssignmentManager › should filter teams by type" classname="team-assignment-manager.spec.ts" time="0.005">
<system-out>
<![CDATA[
[[ATTACHMENT|team-assignment-manager-Te-27f9d-should-filter-teams-by-type-Mobile-Safari/error-context.md]]
]]>
</system-out>
<error message="browserType.launch: Executable doesn&apos;t exist at /home/jeepney/.cache/ms-playwright/webkit-2287/pw_run.sh" type="Error">
<![CDATA[  [Mobile Safari] › team-assignment-manager.spec.ts:72:7 › TeamAssignmentManager › should filter teams by type 

    Error: browserType.launch: Executable doesn't exist at /home/jeepney/.cache/ms-playwright/webkit-2287/pw_run.sh
    ╔════════════════════════════════════════════════════════════╗
    ║ Looks like Playwright was just installed or updated.       ║
    ║ Please run the following command to download new browsers: ║
    ║                                                            ║
    ║     npx playwright install                                 ║
    ║                                                            ║
    ║ <3 Playwright Team                                         ║
    ╚════════════════════════════════════════════════════════════╝

    Error Context: ../test-results/team-assignment-manager-Te-27f9d-should-filter-teams-by-type-Mobile-Safari/error-context.md
]]>
</error>
</testcase>
<testcase name="TeamAssignmentManager › should filter teams by facility" classname="team-assignment-manager.spec.ts" time="0.009">
<system-out>
<![CDATA[
[[ATTACHMENT|team-assignment-manager-Te-7e03c-ld-filter-teams-by-facility-Mobile-Safari/error-context.md]]
]]>
</system-out>
<error message="browserType.launch: Executable doesn&apos;t exist at /home/jeepney/.cache/ms-playwright/webkit-2287/pw_run.sh" type="Error">
<![CDATA[  [Mobile Safari] › team-assignment-manager.spec.ts:85:7 › TeamAssignmentManager › should filter teams by facility 

    Error: browserType.launch: Executable doesn't exist at /home/jeepney/.cache/ms-playwright/webkit-2287/pw_run.sh
    ╔════════════════════════════════════════════════════════════╗
    ║ Looks like Playwright was just installed or updated.       ║
    ║ Please run the following command to download new browsers: ║
    ║                                                            ║
    ║     npx playwright install                                 ║
    ║                                                            ║
    ║ <3 Playwright Team                                         ║
    ╚════════════════════════════════════════════════════════════╝

    Error Context: ../test-results/team-assignment-manager-Te-7e03c-ld-filter-teams-by-facility-Mobile-Safari/error-context.md
]]>
</error>
</testcase>
<testcase name="TeamAssignmentManager › should display team status badges with correct colors" classname="team-assignment-manager.spec.ts" time="0.005">
<system-out>
<![CDATA[
[[ATTACHMENT|team-assignment-manager-Te-62e1b--badges-with-correct-colors-Mobile-Safari/error-context.md]]
]]>
</system-out>
<error message="browserType.launch: Executable doesn&apos;t exist at /home/jeepney/.cache/ms-playwright/webkit-2287/pw_run.sh" type="Error">
<![CDATA[  [Mobile Safari] › team-assignment-manager.spec.ts:98:7 › TeamAssignmentManager › should display team status badges with correct colors 

    Error: browserType.launch: Executable doesn't exist at /home/jeepney/.cache/ms-playwright/webkit-2287/pw_run.sh
    ╔════════════════════════════════════════════════════════════╗
    ║ Looks like Playwright was just installed or updated.       ║
    ║ Please run the following command to download new browsers: ║
    ║                                                            ║
    ║     npx playwright install                                 ║
    ║                                                            ║
    ║ <3 Playwright Team                                         ║
    ╚════════════════════════════════════════════════════════════╝

    Error Context: ../test-results/team-assignment-manager-Te-62e1b--badges-with-correct-colors-Mobile-Safari/error-context.md
]]>
</error>
</testcase>
<testcase name="TeamAssignmentManager › should assign tasks to team" classname="team-assignment-manager.spec.ts" time="0.005">
<system-out>
<![CDATA[
[[ATTACHMENT|team-assignment-manager-Te-aaa2f-should-assign-tasks-to-team-Mobile-Safari/error-context.md]]
]]>
</system-out>
<error message="browserType.launch: Executable doesn&apos;t exist at /home/jeepney/.cache/ms-playwright/webkit-2287/pw_run.sh" type="Error">
<![CDATA[  [Mobile Safari] › team-assignment-manager.spec.ts:109:7 › TeamAssignmentManager › should assign tasks to team 

    Error: browserType.launch: Executable doesn't exist at /home/jeepney/.cache/ms-playwright/webkit-2287/pw_run.sh
    ╔════════════════════════════════════════════════════════════╗
    ║ Looks like Playwright was just installed or updated.       ║
    ║ Please run the following command to download new browsers: ║
    ║                                                            ║
    ║     npx playwright install                                 ║
    ║                                                            ║
    ║ <3 Playwright Team                                         ║
    ╚════════════════════════════════════════════════════════════╝

    Error Context: ../test-results/team-assignment-manager-Te-aaa2f-should-assign-tasks-to-team-Mobile-Safari/error-context.md
]]>
</error>
</testcase>
<testcase name="TeamAssignmentManager › should handle team capacity warnings" classname="team-assignment-manager.spec.ts" time="0.004">
<system-out>
<![CDATA[
[[ATTACHMENT|team-assignment-manager-Te-33fd6-ndle-team-capacity-warnings-Mobile-Safari/error-context.md]]
]]>
</system-out>
<error message="browserType.launch: Executable doesn&apos;t exist at /home/jeepney/.cache/ms-playwright/webkit-2287/pw_run.sh" type="Error">
<![CDATA[  [Mobile Safari] › team-assignment-manager.spec.ts:126:7 › TeamAssignmentManager › should handle team capacity warnings 

    Error: browserType.launch: Executable doesn't exist at /home/jeepney/.cache/ms-playwright/webkit-2287/pw_run.sh
    ╔════════════════════════════════════════════════════════════╗
    ║ Looks like Playwright was just installed or updated.       ║
    ║ Please run the following command to download new browsers: ║
    ║                                                            ║
    ║     npx playwright install                                 ║
    ║                                                            ║
    ║ <3 Playwright Team                                         ║
    ╚════════════════════════════════════════════════════════════╝

    Error Context: ../test-results/team-assignment-manager-Te-33fd6-ndle-team-capacity-warnings-Mobile-Safari/error-context.md
]]>
</error>
</testcase>
<testcase name="TeamAssignmentManager › should edit team information" classname="team-assignment-manager.spec.ts" time="0.004">
<system-out>
<![CDATA[
[[ATTACHMENT|team-assignment-manager-Te-15d88-hould-edit-team-information-Mobile-Safari/error-context.md]]
]]>
</system-out>
<error message="browserType.launch: Executable doesn&apos;t exist at /home/jeepney/.cache/ms-playwright/webkit-2287/pw_run.sh" type="Error">
<![CDATA[  [Mobile Safari] › team-assignment-manager.spec.ts:142:7 › TeamAssignmentManager › should edit team information 

    Error: browserType.launch: Executable doesn't exist at /home/jeepney/.cache/ms-playwright/webkit-2287/pw_run.sh
    ╔════════════════════════════════════════════════════════════╗
    ║ Looks like Playwright was just installed or updated.       ║
    ║ Please run the following command to download new browsers: ║
    ║                                                            ║
    ║     npx playwright install                                 ║
    ║                                                            ║
    ║ <3 Playwright Team                                         ║
    ╚════════════════════════════════════════════════════════════╝

    Error Context: ../test-results/team-assignment-manager-Te-15d88-hould-edit-team-information-Mobile-Safari/error-context.md
]]>
</error>
</testcase>
<testcase name="TeamAssignmentManager › should display team assignments in table view" classname="team-assignment-manager.spec.ts" time="0.003">
<system-out>
<![CDATA[
[[ATTACHMENT|team-assignment-manager-Te-84216-m-assignments-in-table-view-Mobile-Safari/error-context.md]]
]]>
</system-out>
<error message="browserType.launch: Executable doesn&apos;t exist at /home/jeepney/.cache/ms-playwright/webkit-2287/pw_run.sh" type="Error">
<![CDATA[  [Mobile Safari] › team-assignment-manager.spec.ts:158:7 › TeamAssignmentManager › should display team assignments in table view 

    Error: browserType.launch: Executable doesn't exist at /home/jeepney/.cache/ms-playwright/webkit-2287/pw_run.sh
    ╔════════════════════════════════════════════════════════════╗
    ║ Looks like Playwright was just installed or updated.       ║
    ║ Please run the following command to download new browsers: ║
    ║                                                            ║
    ║     npx playwright install                                 ║
    ║                                                            ║
    ║ <3 Playwright Team                                         ║
    ╚════════════════════════════════════════════════════════════╝

    Error Context: ../test-results/team-assignment-manager-Te-84216-m-assignments-in-table-view-Mobile-Safari/error-context.md
]]>
</error>
</testcase>
<testcase name="TeamAssignmentManager › should sort teams by workload" classname="team-assignment-manager.spec.ts" time="0.003">
<system-out>
<![CDATA[
[[ATTACHMENT|team-assignment-manager-Te-433d7-ould-sort-teams-by-workload-Mobile-Safari/error-context.md]]
]]>
</system-out>
<error message="browserType.launch: Executable doesn&apos;t exist at /home/jeepney/.cache/ms-playwright/webkit-2287/pw_run.sh" type="Error">
<![CDATA[  [Mobile Safari] › team-assignment-manager.spec.ts:170:7 › TeamAssignmentManager › should sort teams by workload 

    Error: browserType.launch: Executable doesn't exist at /home/jeepney/.cache/ms-playwright/webkit-2287/pw_run.sh
    ╔════════════════════════════════════════════════════════════╗
    ║ Looks like Playwright was just installed or updated.       ║
    ║ Please run the following command to download new browsers: ║
    ║                                                            ║
    ║     npx playwright install                                 ║
    ║                                                            ║
    ║ <3 Playwright Team                                         ║
    ╚════════════════════════════════════════════════════════════╝

    Error Context: ../test-results/team-assignment-manager-Te-433d7-ould-sort-teams-by-workload-Mobile-Safari/error-context.md
]]>
</error>
</testcase>
<testcase name="TeamAssignmentManager › should handle mobile responsiveness" classname="team-assignment-manager.spec.ts" time="0.002">
<system-out>
<![CDATA[
[[ATTACHMENT|team-assignment-manager-Te-3a681-andle-mobile-responsiveness-Mobile-Safari/error-context.md]]
]]>
</system-out>
<error message="browserType.launch: Executable doesn&apos;t exist at /home/jeepney/.cache/ms-playwright/webkit-2287/pw_run.sh" type="Error">
<![CDATA[  [Mobile Safari] › team-assignment-manager.spec.ts:181:7 › TeamAssignmentManager › should handle mobile responsiveness 

    Error: browserType.launch: Executable doesn't exist at /home/jeepney/.cache/ms-playwright/webkit-2287/pw_run.sh
    ╔════════════════════════════════════════════════════════════╗
    ║ Looks like Playwright was just installed or updated.       ║
    ║ Please run the following command to download new browsers: ║
    ║                                                            ║
    ║     npx playwright install                                 ║
    ║                                                            ║
    ║ <3 Playwright Team                                         ║
    ╚════════════════════════════════════════════════════════════╝

    Error Context: ../test-results/team-assignment-manager-Te-3a681-andle-mobile-responsiveness-Mobile-Safari/error-context.md
]]>
</error>
</testcase>
<testcase name="TeamAssignmentManager › should provide keyboard navigation" classname="team-assignment-manager.spec.ts" time="0.002">
<system-out>
<![CDATA[
[[ATTACHMENT|team-assignment-manager-Te-1ef96-provide-keyboard-navigation-Mobile-Safari/error-context.md]]
]]>
</system-out>
<error message="browserType.launch: Executable doesn&apos;t exist at /home/jeepney/.cache/ms-playwright/webkit-2287/pw_run.sh" type="Error">
<![CDATA[  [Mobile Safari] › team-assignment-manager.spec.ts:190:7 › TeamAssignmentManager › should provide keyboard navigation 

    Error: browserType.launch: Executable doesn't exist at /home/jeepney/.cache/ms-playwright/webkit-2287/pw_run.sh
    ╔════════════════════════════════════════════════════════════╗
    ║ Looks like Playwright was just installed or updated.       ║
    ║ Please run the following command to download new browsers: ║
    ║                                                            ║
    ║     npx playwright install                                 ║
    ║                                                            ║
    ║ <3 Playwright Team                                         ║
    ╚════════════════════════════════════════════════════════════╝

    Error Context: ../test-results/team-assignment-manager-Te-1ef96-provide-keyboard-navigation-Mobile-Safari/error-context.md
]]>
</error>
</testcase>
<testcase name="TeamAssignmentManager › should display team performance metrics" classname="team-assignment-manager.spec.ts" time="0.002">
<system-out>
<![CDATA[
[[ATTACHMENT|team-assignment-manager-Te-5f3ab-ay-team-performance-metrics-Mobile-Safari/error-context.md]]
]]>
</system-out>
<error message="browserType.launch: Executable doesn&apos;t exist at /home/jeepney/.cache/ms-playwright/webkit-2287/pw_run.sh" type="Error">
<![CDATA[  [Mobile Safari] › team-assignment-manager.spec.ts:200:7 › TeamAssignmentManager › should display team performance metrics 

    Error: browserType.launch: Executable doesn't exist at /home/jeepney/.cache/ms-playwright/webkit-2287/pw_run.sh
    ╔════════════════════════════════════════════════════════════╗
    ║ Looks like Playwright was just installed or updated.       ║
    ║ Please run the following command to download new browsers: ║
    ║                                                            ║
    ║     npx playwright install                                 ║
    ║                                                            ║
    ║ <3 Playwright Team                                         ║
    ╚════════════════════════════════════════════════════════════╝

    Error Context: ../test-results/team-assignment-manager-Te-5f3ab-ay-team-performance-metrics-Mobile-Safari/error-context.md
]]>
</error>
</testcase>
<testcase name="TeamAssignmentManager › should export team assignments to CSV" classname="team-assignment-manager.spec.ts" time="0.002">
<system-out>
<![CDATA[
[[ATTACHMENT|team-assignment-manager-Te-44ee4-ort-team-assignments-to-CSV-Mobile-Safari/error-context.md]]
]]>
</system-out>
<error message="browserType.launch: Executable doesn&apos;t exist at /home/jeepney/.cache/ms-playwright/webkit-2287/pw_run.sh" type="Error">
<![CDATA[  [Mobile Safari] › team-assignment-manager.spec.ts:213:7 › TeamAssignmentManager › should export team assignments to CSV 

    Error: browserType.launch: Executable doesn't exist at /home/jeepney/.cache/ms-playwright/webkit-2287/pw_run.sh
    ╔════════════════════════════════════════════════════════════╗
    ║ Looks like Playwright was just installed or updated.       ║
    ║ Please run the following command to download new browsers: ║
    ║                                                            ║
    ║     npx playwright install                                 ║
    ║                                                            ║
    ║ <3 Playwright Team                                         ║
    ╚════════════════════════════════════════════════════════════╝

    Error Context: ../test-results/team-assignment-manager-Te-44ee4-ort-team-assignments-to-CSV-Mobile-Safari/error-context.md
]]>
</error>
</testcase>
<testcase name="TeamAssignmentManager › should handle API errors gracefully" classname="team-assignment-manager.spec.ts" time="0.003">
<system-out>
<![CDATA[
[[ATTACHMENT|team-assignment-manager-Te-6319a-andle-API-errors-gracefully-Mobile-Safari/error-context.md]]
]]>
</system-out>
<error message="browserType.launch: Executable doesn&apos;t exist at /home/jeepney/.cache/ms-playwright/webkit-2287/pw_run.sh" type="Error">
<![CDATA[  [Mobile Safari] › team-assignment-manager.spec.ts:221:7 › TeamAssignmentManager › should handle API errors gracefully 

    Error: browserType.launch: Executable doesn't exist at /home/jeepney/.cache/ms-playwright/webkit-2287/pw_run.sh
    ╔════════════════════════════════════════════════════════════╗
    ║ Looks like Playwright was just installed or updated.       ║
    ║ Please run the following command to download new browsers: ║
    ║                                                            ║
    ║     npx playwright install                                 ║
    ║                                                            ║
    ║ <3 Playwright Team                                         ║
    ╚════════════════════════════════════════════════════════════╝

    Error Context: ../test-results/team-assignment-manager-Te-6319a-andle-API-errors-gracefully-Mobile-Safari/error-context.md
]]>
</error>
</testcase>
</testsuite>
</testsuites>